{"C:\\Users\\Kom\\desktop\\Robofriends\\src\\index.js": {"path":"C:\\Users\\Kom\\desktop\\Robofriends\\src\\index.js","statementMap":{"0":{"start":{"line":1,"column":32},"end":{"line":1,"column":85}},"1":{"start":{"line":1,"column":99},"end":{"line":1,"column":115}},"2":{"start":{"line":1,"column":130},"end":{"line":1,"column":160}},"3":{"start":{"line":2,"column":16},"end":{"line":2,"column":36}},"4":{"start":{"line":2,"column":54},"end":{"line":2,"column":87}},"5":{"start":{"line":3,"column":0},"end":{"line":3,"column":23}},"6":{"start":{"line":4,"column":21},"end":{"line":4,"column":47}},"7":{"start":{"line":4,"column":68},"end":{"line":4,"column":107}},"8":{"start":{"line":5,"column":0},"end":{"line":5,"column":20}},"9":{"start":{"line":6,"column":11},"end":{"line":6,"column":38}},"10":{"start":{"line":6,"column":51},"end":{"line":6,"column":79}},"11":{"start":{"line":7,"column":18},"end":{"line":7,"column":40}},"12":{"start":{"line":8,"column":13},"end":{"line":8,"column":29}},"13":{"start":{"line":9,"column":18},"end":{"line":9,"column":40}},"14":{"start":{"line":9,"column":60},"end":{"line":9,"column":95}},"15":{"start":{"line":10,"column":15},"end":{"line":10,"column":44}},"16":{"start":{"line":10,"column":84},"end":{"line":10,"column":300}},"17":{"start":{"line":10,"column":112},"end":{"line":10,"column":123}},"18":{"start":{"line":10,"column":144},"end":{"line":10,"column":146}},"19":{"start":{"line":10,"column":147},"end":{"line":10,"column":264}},"20":{"start":{"line":10,"column":165},"end":{"line":10,"column":263}},"21":{"start":{"line":10,"column":187},"end":{"line":10,"column":262}},"22":{"start":{"line":10,"column":239},"end":{"line":10,"column":262}},"23":{"start":{"line":10,"column":264},"end":{"line":10,"column":285}},"24":{"start":{"line":10,"column":285},"end":{"line":10,"column":299}},"25":{"start":{"line":10,"column":339},"end":{"line":10,"column":393}},"26":{"start":{"line":12,"column":25},"end":{"line":12,"column":86}},"27":{"start":{"line":14,"column":20},"end":{"line":14,"column":131}},"28":{"start":{"line":16,"column":14},"end":{"line":16,"column":119}},"29":{"start":{"line":18,"column":0},"end":{"line":19,"column":33}},"30":{"start":{"line":24,"column":0},"end":{"line":24,"column":25}}},"fnMap":{"0":{"name":"_interopRequireWildcard","decl":{"start":{"line":10,"column":54},"end":{"line":10,"column":77}},"loc":{"start":{"line":10,"column":83},"end":{"line":10,"column":301}},"line":10},"1":{"name":"_interopRequireDefault","decl":{"start":{"line":10,"column":310},"end":{"line":10,"column":332}},"loc":{"start":{"line":10,"column":338},"end":{"line":10,"column":394}},"line":10}},"branchMap":{"0":{"loc":{"start":{"line":10,"column":84},"end":{"line":10,"column":300}},"type":"if","locations":[{"start":{"line":10,"column":84},"end":{"line":10,"column":300}},{"start":{"line":10,"column":84},"end":{"line":10,"column":300}}],"line":10},"1":{"loc":{"start":{"line":10,"column":88},"end":{"line":10,"column":109}},"type":"binary-expr","locations":[{"start":{"line":10,"column":88},"end":{"line":10,"column":91}},{"start":{"line":10,"column":95},"end":{"line":10,"column":109}}],"line":10},"2":{"loc":{"start":{"line":10,"column":147},"end":{"line":10,"column":264}},"type":"if","locations":[{"start":{"line":10,"column":147},"end":{"line":10,"column":264}},{"start":{"line":10,"column":147},"end":{"line":10,"column":264}}],"line":10},"3":{"loc":{"start":{"line":10,"column":187},"end":{"line":10,"column":262}},"type":"if","locations":[{"start":{"line":10,"column":187},"end":{"line":10,"column":262}},{"start":{"line":10,"column":187},"end":{"line":10,"column":262}}],"line":10},"4":{"loc":{"start":{"line":10,"column":346},"end":{"line":10,"column":392}},"type":"cond-expr","locations":[{"start":{"line":10,"column":370},"end":{"line":10,"column":373}},{"start":{"line":10,"column":376},"end":{"line":10,"column":392}}],"line":10},"5":{"loc":{"start":{"line":10,"column":346},"end":{"line":10,"column":367}},"type":"binary-expr","locations":[{"start":{"line":10,"column":346},"end":{"line":10,"column":349}},{"start":{"line":10,"column":353},"end":{"line":10,"column":367}}],"line":10},"6":{"loc":{"start":{"line":12,"column":25},"end":{"line":12,"column":86}},"type":"binary-expr","locations":[{"start":{"line":12,"column":25},"end":{"line":12,"column":68}},{"start":{"line":12,"column":72},"end":{"line":12,"column":86}}],"line":12}},"s":{"0":0,"1":0,"2":0,"3":0,"4":0,"5":0,"6":0,"7":0,"8":0,"9":0,"10":0,"11":0,"12":0,"13":0,"14":0,"15":0,"16":0,"17":0,"18":0,"19":0,"20":0,"21":0,"22":0,"23":0,"24":0,"25":0,"26":0,"27":0,"28":0,"29":0,"30":0},"f":{"0":0,"1":0},"b":{"0":[0,0],"1":[0,0],"2":[0,0],"3":[0,0],"4":[0,0],"5":[0,0],"6":[0,0]}}
,"C:\\Users\\Kom\\desktop\\Robofriends\\src\\serviceWorker.js": {"path":"C:\\Users\\Kom\\desktop\\Robofriends\\src\\serviceWorker.js","statementMap":{"0":{"start":{"line":1,"column":13},"end":{"line":1,"column":75}},"1":{"start":{"line":1,"column":75},"end":{"line":23,"column":20}},"2":{"start":{"line":23,"column":20},"end":{"line":129,"column":24}},"3":{"start":{"line":138,"column":20},"end":{"line":140,"column":89}},"4":{"start":{"line":140,"column":117},"end":{"line":148,"column":44}},"5":{"start":{"line":141,"column":22},"end":{"line":141,"column":75}},"6":{"start":{"line":141,"column":76},"end":{"line":144,"column":14}},"7":{"start":{"line":144,"column":6},"end":{"line":144,"column":13}},"8":{"start":{"line":144,"column":14},"end":{"line":148,"column":43}},"9":{"start":{"line":144,"column":67},"end":{"line":144,"column":112}},"10":{"start":{"line":144,"column":113},"end":{"line":148,"column":40}},"11":{"start":{"line":145,"column":8},"end":{"line":145,"column":47}},"12":{"start":{"line":147,"column":8},"end":{"line":147,"column":178}},"13":{"start":{"line":147,"column":50},"end":{"line":147,"column":175}},"14":{"start":{"line":148,"column":8},"end":{"line":148,"column":39}},"15":{"start":{"line":148,"column":86},"end":{"line":156,"column":171}},"16":{"start":{"line":148,"column":148},"end":{"line":156,"column":83}},"17":{"start":{"line":148,"column":209},"end":{"line":148,"column":232}},"18":{"start":{"line":148,"column":233},"end":{"line":148,"column":272}},"19":{"start":{"line":148,"column":264},"end":{"line":148,"column":271}},"20":{"start":{"line":148,"column":272},"end":{"line":156,"column":81}},"21":{"start":{"line":148,"column":312},"end":{"line":156,"column":79}},"22":{"start":{"line":148,"column":357},"end":{"line":156,"column":78}},"23":{"start":{"line":151,"column":12},"end":{"line":151,"column":141}},"24":{"start":{"line":152,"column":12},"end":{"line":152,"column":75}},"25":{"start":{"line":152,"column":44},"end":{"line":152,"column":74}},"26":{"start":{"line":155,"column":12},"end":{"line":155,"column":62}},"27":{"start":{"line":156,"column":12},"end":{"line":156,"column":77}},"28":{"start":{"line":156,"column":45},"end":{"line":156,"column":76}},"29":{"start":{"line":156,"column":102},"end":{"line":156,"column":168}},"30":{"start":{"line":157,"column":2},"end":{"line":160,"column":134}},"31":{"start":{"line":158,"column":24},"end":{"line":158,"column":60}},"32":{"start":{"line":158,"column":61},"end":{"line":160,"column":38}},"33":{"start":{"line":159,"column":6},"end":{"line":159,"column":127}},"34":{"start":{"line":159,"column":58},"end":{"line":159,"column":124}},"35":{"start":{"line":159,"column":96},"end":{"line":159,"column":121}},"36":{"start":{"line":160,"column":6},"end":{"line":160,"column":37}},"37":{"start":{"line":160,"column":54},"end":{"line":160,"column":131}},"38":{"start":{"line":160,"column":158},"end":{"line":160,"column":275}},"39":{"start":{"line":160,"column":193},"end":{"line":160,"column":274}},"40":{"start":{"line":160,"column":245},"end":{"line":160,"column":271}}},"fnMap":{"0":{"name":"register","decl":{"start":{"line":140,"column":99},"end":{"line":140,"column":107}},"loc":{"start":{"line":140,"column":116},"end":{"line":148,"column":45}},"line":140},"1":{"name":"(anonymous_1)","decl":{"start":{"line":144,"column":46},"end":{"line":144,"column":47}},"loc":{"start":{"line":144,"column":52},"end":{"line":148,"column":41}},"line":144},"2":{"name":"(anonymous_2)","decl":{"start":{"line":147,"column":43},"end":{"line":147,"column":44}},"loc":{"start":{"line":147,"column":49},"end":{"line":147,"column":176}},"line":147},"3":{"name":"registerValidSW","decl":{"start":{"line":148,"column":54},"end":{"line":148,"column":69}},"loc":{"start":{"line":148,"column":85},"end":{"line":156,"column":172}},"line":148},"4":{"name":"(anonymous_4)","decl":{"start":{"line":148,"column":131},"end":{"line":148,"column":132}},"loc":{"start":{"line":148,"column":147},"end":{"line":156,"column":84}},"line":148},"5":{"name":"(anonymous_5)","decl":{"start":{"line":148,"column":177},"end":{"line":148,"column":178}},"loc":{"start":{"line":148,"column":183},"end":{"line":156,"column":82}},"line":148},"6":{"name":"(anonymous_6)","decl":{"start":{"line":148,"column":305},"end":{"line":148,"column":306}},"loc":{"start":{"line":148,"column":311},"end":{"line":156,"column":80}},"line":148},"7":{"name":"(anonymous_7)","decl":{"start":{"line":156,"column":92},"end":{"line":156,"column":93}},"loc":{"start":{"line":156,"column":101},"end":{"line":156,"column":169}},"line":156},"8":{"name":"checkValidServiceWorker","decl":{"start":{"line":156,"column":181},"end":{"line":156,"column":204}},"loc":{"start":{"line":156,"column":220},"end":{"line":160,"column":135}},"line":156},"9":{"name":"(anonymous_9)","decl":{"start":{"line":157,"column":20},"end":{"line":157,"column":21}},"loc":{"start":{"line":157,"column":32},"end":{"line":160,"column":39}},"line":157},"10":{"name":"(anonymous_10)","decl":{"start":{"line":159,"column":41},"end":{"line":159,"column":42}},"loc":{"start":{"line":159,"column":57},"end":{"line":159,"column":125}},"line":159},"11":{"name":"(anonymous_11)","decl":{"start":{"line":159,"column":89},"end":{"line":159,"column":90}},"loc":{"start":{"line":159,"column":95},"end":{"line":159,"column":122}},"line":159},"12":{"name":"(anonymous_12)","decl":{"start":{"line":160,"column":47},"end":{"line":160,"column":48}},"loc":{"start":{"line":160,"column":53},"end":{"line":160,"column":132}},"line":160},"13":{"name":"unregister","decl":{"start":{"line":160,"column":144},"end":{"line":160,"column":154}},"loc":{"start":{"line":160,"column":157},"end":{"line":160,"column":276}},"line":160},"14":{"name":"(anonymous_14)","decl":{"start":{"line":160,"column":228},"end":{"line":160,"column":229}},"loc":{"start":{"line":160,"column":244},"end":{"line":160,"column":272}},"line":160}},"branchMap":{"0":{"loc":{"start":{"line":138,"column":28},"end":{"line":140,"column":88}},"type":"binary-expr","locations":[{"start":{"line":138,"column":28},"end":{"line":138,"column":68}},{"start":{"line":139,"column":0},"end":{"line":139,"column":36}},{"start":{"line":140,"column":0},"end":{"line":140,"column":88}}],"line":138},"1":{"loc":{"start":{"line":140,"column":117},"end":{"line":148,"column":44}},"type":"if","locations":[{"start":{"line":140,"column":117},"end":{"line":148,"column":44}},{"start":{"line":140,"column":117},"end":{"line":148,"column":44}}],"line":140},"2":{"loc":{"start":{"line":140,"column":121},"end":{"line":140,"column":190}},"type":"binary-expr","locations":[{"start":{"line":140,"column":121},"end":{"line":140,"column":158}},{"start":{"line":140,"column":162},"end":{"line":140,"column":190}}],"line":140},"3":{"loc":{"start":{"line":141,"column":76},"end":{"line":144,"column":14}},"type":"if","locations":[{"start":{"line":141,"column":76},"end":{"line":144,"column":14}},{"start":{"line":141,"column":76},"end":{"line":144,"column":14}}],"line":141},"4":{"loc":{"start":{"line":144,"column":113},"end":{"line":148,"column":40}},"type":"if","locations":[{"start":{"line":144,"column":113},"end":{"line":148,"column":40}},{"start":{"line":144,"column":113},"end":{"line":148,"column":40}}],"line":144},"5":{"loc":{"start":{"line":148,"column":233},"end":{"line":148,"column":272}},"type":"if","locations":[{"start":{"line":148,"column":233},"end":{"line":148,"column":272}},{"start":{"line":148,"column":233},"end":{"line":148,"column":272}}],"line":148},"6":{"loc":{"start":{"line":148,"column":312},"end":{"line":156,"column":79}},"type":"if","locations":[{"start":{"line":148,"column":312},"end":{"line":156,"column":79}},{"start":{"line":148,"column":312},"end":{"line":156,"column":79}}],"line":148},"7":{"loc":{"start":{"line":148,"column":357},"end":{"line":156,"column":78}},"type":"if","locations":[{"start":{"line":148,"column":357},"end":{"line":156,"column":78}},{"start":{"line":148,"column":357},"end":{"line":156,"column":78}}],"line":148},"8":{"loc":{"start":{"line":152,"column":12},"end":{"line":152,"column":75}},"type":"if","locations":[{"start":{"line":152,"column":12},"end":{"line":152,"column":75}},{"start":{"line":152,"column":12},"end":{"line":152,"column":75}}],"line":152},"9":{"loc":{"start":{"line":152,"column":16},"end":{"line":152,"column":41}},"type":"binary-expr","locations":[{"start":{"line":152,"column":16},"end":{"line":152,"column":22}},{"start":{"line":152,"column":26},"end":{"line":152,"column":41}}],"line":152},"10":{"loc":{"start":{"line":156,"column":12},"end":{"line":156,"column":77}},"type":"if","locations":[{"start":{"line":156,"column":12},"end":{"line":156,"column":77}},{"start":{"line":156,"column":12},"end":{"line":156,"column":77}}],"line":156},"11":{"loc":{"start":{"line":156,"column":16},"end":{"line":156,"column":42}},"type":"binary-expr","locations":[{"start":{"line":156,"column":16},"end":{"line":156,"column":22}},{"start":{"line":156,"column":26},"end":{"line":156,"column":42}}],"line":156},"12":{"loc":{"start":{"line":158,"column":61},"end":{"line":160,"column":38}},"type":"if","locations":[{"start":{"line":158,"column":61},"end":{"line":160,"column":38}},{"start":{"line":158,"column":61},"end":{"line":160,"column":38}}],"line":158},"13":{"loc":{"start":{"line":158,"column":65},"end":{"line":158,"column":155}},"type":"binary-expr","locations":[{"start":{"line":158,"column":65},"end":{"line":158,"column":88}},{"start":{"line":158,"column":92},"end":{"line":158,"column":111}},{"start":{"line":158,"column":115},"end":{"line":158,"column":155}}],"line":158},"14":{"loc":{"start":{"line":160,"column":158},"end":{"line":160,"column":275}},"type":"if","locations":[{"start":{"line":160,"column":158},"end":{"line":160,"column":275}},{"start":{"line":160,"column":158},"end":{"line":160,"column":275}}],"line":160}},"s":{"0":0,"1":0,"2":0,"3":0,"4":0,"5":0,"6":0,"7":0,"8":0,"9":0,"10":0,"11":0,"12":0,"13":0,"14":0,"15":0,"16":0,"17":0,"18":0,"19":0,"20":0,"21":0,"22":0,"23":0,"24":0,"25":0,"26":0,"27":0,"28":0,"29":0,"30":0,"31":0,"32":0,"33":0,"34":0,"35":0,"36":0,"37":0,"38":0,"39":0,"40":0},"f":{"0":0,"1":0,"2":0,"3":0,"4":0,"5":0,"6":0,"7":0,"8":0,"9":0,"10":0,"11":0,"12":0,"13":0,"14":0},"b":{"0":[0,0,0],"1":[0,0],"2":[0,0],"3":[0,0],"4":[0,0],"5":[0,0],"6":[0,0],"7":[0,0],"8":[0,0],"9":[0,0],"10":[0,0],"11":[0,0],"12":[0,0],"13":[0,0,0],"14":[0,0]}}
,"C:\\Users\\Kom\\desktop\\Robofriends\\src\\setupTests.js": {"path":"C:\\Users\\Kom\\desktop\\Robofriends\\src\\setupTests.js","statementMap":{"0":{"start":{"line":4,"column":0},"end":{"line":4,"column":36}}},"fnMap":{},"branchMap":{},"s":{"0":3},"f":{},"b":{},"_coverageSchema":"332fd63041d2c1bcb487cc26dd0d5f7d97098a6c","hash":"1c41b66cf9730b51619cafd36a10271e31657e09"}
,"C:\\Users\\Kom\\desktop\\Robofriends\\src\\actions\\actionTypes.js": {"path":"C:\\Users\\Kom\\desktop\\Robofriends\\src\\actions\\actionTypes.js","statementMap":{"0":{"start":{"line":1,"column":13},"end":{"line":1,"column":75}},"1":{"start":{"line":1,"column":103},"end":{"line":1,"column":154}},"2":{"start":{"line":2,"column":21},"end":{"line":2,"column":58}},"3":{"start":{"line":4,"column":31},"end":{"line":4,"column":88}},"4":{"start":{"line":5,"column":31},"end":{"line":5,"column":88}},"5":{"start":{"line":6,"column":30},"end":{"line":6,"column":85}}},"fnMap":{},"branchMap":{},"s":{"0":0,"1":0,"2":0,"3":0,"4":0,"5":0},"f":{},"b":{}}
,"C:\\Users\\Kom\\desktop\\Robofriends\\src\\actions\\actions.js": {"path":"C:\\Users\\Kom\\desktop\\Robofriends\\src\\actions\\actions.js","statementMap":{"0":{"start":{"line":1,"column":13},"end":{"line":1,"column":75}},"1":{"start":{"line":1,"column":75},"end":{"line":1,"column":154}},"2":{"start":{"line":1,"column":173},"end":{"line":1,"column":197}},"3":{"start":{"line":8,"column":23},"end":{"line":13,"column":1}},"4":{"start":{"line":9,"column":4},"end":{"line":11,"column":24}},"5":{"start":{"line":15,"column":20},"end":{"line":20,"column":1}},"6":{"start":{"line":16,"column":4},"end":{"line":18,"column":27}},"7":{"start":{"line":22,"column":20},"end":{"line":28,"column":1}},"8":{"start":{"line":22,"column":48},"end":{"line":28,"column":1}},"9":{"start":{"line":23,"column":4},"end":{"line":23,"column":60}},"10":{"start":{"line":24,"column":4},"end":{"line":27,"column":91}},"11":{"start":{"line":25,"column":16},"end":{"line":25,"column":26}},"12":{"start":{"line":26,"column":17},"end":{"line":26,"column":87}},"13":{"start":{"line":27,"column":19},"end":{"line":27,"column":89}}},"fnMap":{"0":{"name":"(anonymous_0)","decl":{"start":{"line":8,"column":48},"end":{"line":8,"column":49}},"loc":{"start":{"line":8,"column":56},"end":{"line":13,"column":1}},"line":8},"1":{"name":"(anonymous_1)","decl":{"start":{"line":15,"column":42},"end":{"line":15,"column":43}},"loc":{"start":{"line":15,"column":53},"end":{"line":20,"column":1}},"line":15},"2":{"name":"(anonymous_2)","decl":{"start":{"line":22,"column":42},"end":{"line":22,"column":43}},"loc":{"start":{"line":22,"column":48},"end":{"line":28,"column":1}},"line":22},"3":{"name":"(anonymous_3)","decl":{"start":{"line":22,"column":48},"end":{"line":22,"column":49}},"loc":{"start":{"line":22,"column":60},"end":{"line":28,"column":1}},"line":22},"4":{"name":"(anonymous_4)","decl":{"start":{"line":25,"column":9},"end":{"line":25,"column":10}},"loc":{"start":{"line":25,"column":16},"end":{"line":25,"column":26}},"line":25},"5":{"name":"(anonymous_5)","decl":{"start":{"line":26,"column":9},"end":{"line":26,"column":10}},"loc":{"start":{"line":26,"column":17},"end":{"line":26,"column":87}},"line":26},"6":{"name":"(anonymous_6)","decl":{"start":{"line":27,"column":10},"end":{"line":27,"column":11}},"loc":{"start":{"line":27,"column":19},"end":{"line":27,"column":89}},"line":27}},"branchMap":{},"s":{"0":0,"1":0,"2":0,"3":0,"4":0,"5":0,"6":0,"7":0,"8":0,"9":0,"10":0,"11":0,"12":0,"13":0},"f":{"0":0,"1":0,"2":0,"3":0,"4":0,"5":0,"6":0},"b":{}}
,"C:\\Users\\Kom\\desktop\\Robofriends\\src\\components\\CardList.js": {"path":"C:\\Users\\Kom\\desktop\\Robofriends\\src\\components\\CardList.js","statementMap":{"0":{"start":{"line":4,"column":17},"end":{"line":15,"column":1}},"1":{"start":{"line":6,"column":23},"end":{"line":8,"column":6}},"2":{"start":{"line":7,"column":8},"end":{"line":7,"column":127}},"3":{"start":{"line":7,"column":101},"end":{"line":7,"column":124}},"4":{"start":{"line":9,"column":4},"end":{"line":14,"column":6}}},"fnMap":{"0":{"name":"(anonymous_0)","decl":{"start":{"line":4,"column":17},"end":{"line":4,"column":18}},"loc":{"start":{"line":4,"column":47},"end":{"line":15,"column":1}},"line":4},"1":{"name":"(anonymous_1)","decl":{"start":{"line":6,"column":34},"end":{"line":6,"column":35}},"loc":{"start":{"line":6,"column":53},"end":{"line":8,"column":5}},"line":6},"2":{"name":"(anonymous_2)","decl":{"start":{"line":7,"column":95},"end":{"line":7,"column":96}},"loc":{"start":{"line":7,"column":101},"end":{"line":7,"column":124}},"line":7}},"branchMap":{},"s":{"0":1,"1":1,"2":1,"3":0,"4":1},"f":{"0":1,"1":1,"2":0},"b":{},"_coverageSchema":"332fd63041d2c1bcb487cc26dd0d5f7d97098a6c","hash":"74c2e71cc232ce3095317aeb401bc3771451aeec"}
,"C:\\Users\\Kom\\desktop\\Robofriends\\src\\components\\ErrorBoundary.js": {"path":"C:\\Users\\Kom\\desktop\\Robofriends\\src\\components\\ErrorBoundary.js","statementMap":{"0":{"start":{"line":1,"column":13},"end":{"line":1,"column":75}},"1":{"start":{"line":1,"column":94},"end":{"line":1,"column":167}},"2":{"start":{"line":1,"column":181},"end":{"line":1,"column":197}},"3":{"start":{"line":1,"column":212},"end":{"line":1,"column":242}},"4":{"start":{"line":1,"column":281},"end":{"line":1,"column":335}},"5":{"start":{"line":3,"column":78},"end":{"line":10,"column":17}},"6":{"start":{"line":9,"column":12},"end":{"line":9,"column":43}},"7":{"start":{"line":12,"column":8},"end":{"line":13,"column":147}},"8":{"start":{"line":13,"column":8},"end":{"line":13,"column":147}},"9":{"start":{"line":14,"column":8},"end":{"line":14,"column":35}},"10":{"start":{"line":15,"column":6},"end":{"line":18,"column":14}}},"fnMap":{"0":{"name":"_interopRequireDefault","decl":{"start":{"line":1,"column":252},"end":{"line":1,"column":274}},"loc":{"start":{"line":1,"column":280},"end":{"line":1,"column":336}},"line":1},"1":{"name":"(anonymous_1)","decl":{"start":{"line":3,"column":46},"end":{"line":3,"column":47}},"loc":{"start":{"line":3,"column":67},"end":{"line":10,"column":18}},"line":3},"2":{"name":"(anonymous_2)","decl":{"start":{"line":8,"column":28},"end":{"line":8,"column":29}},"loc":{"start":{"line":8,"column":35},"end":{"line":10,"column":9}},"line":8},"3":{"name":"(anonymous_3)","decl":{"start":{"line":11,"column":4},"end":{"line":11,"column":5}},"loc":{"start":{"line":11,"column":13},"end":{"line":15,"column":5}},"line":11}},"branchMap":{"0":{"loc":{"start":{"line":1,"column":288},"end":{"line":1,"column":334}},"type":"cond-expr","locations":[{"start":{"line":1,"column":312},"end":{"line":1,"column":315}},{"start":{"line":1,"column":318},"end":{"line":1,"column":334}}],"line":1},"1":{"loc":{"start":{"line":1,"column":288},"end":{"line":1,"column":309}},"type":"binary-expr","locations":[{"start":{"line":1,"column":288},"end":{"line":1,"column":291}},{"start":{"line":1,"column":295},"end":{"line":1,"column":309}}],"line":1},"2":{"loc":{"start":{"line":12,"column":8},"end":{"line":13,"column":147}},"type":"if","locations":[{"start":{"line":12,"column":8},"end":{"line":13,"column":147}},{"start":{"line":12,"column":8},"end":{"line":13,"column":147}}],"line":12}},"s":{"0":0,"1":0,"2":0,"3":0,"4":0,"5":0,"6":0,"7":0,"8":0,"9":0,"10":0},"f":{"0":0,"1":0,"2":0,"3":0},"b":{"0":[0,0],"1":[0,0],"2":[0,0]}}
,"C:\\Users\\Kom\\desktop\\Robofriends\\src\\components\\Header.js": {"path":"C:\\Users\\Kom\\desktop\\Robofriends\\src\\components\\Header.js","statementMap":{"0":{"start":{"line":1,"column":13},"end":{"line":1,"column":75}},"1":{"start":{"line":1,"column":94},"end":{"line":1,"column":160}},"2":{"start":{"line":1,"column":174},"end":{"line":1,"column":190}},"3":{"start":{"line":1,"column":205},"end":{"line":1,"column":235}},"4":{"start":{"line":1,"column":274},"end":{"line":1,"column":328}},"5":{"start":{"line":6,"column":8},"end":{"line":6,"column":21}},"6":{"start":{"line":10,"column":8},"end":{"line":12,"column":158}},"7":{"start":{"line":15,"column":6},"end":{"line":17,"column":7}}},"fnMap":{"0":{"name":"_interopRequireDefault","decl":{"start":{"line":1,"column":245},"end":{"line":1,"column":267}},"loc":{"start":{"line":1,"column":273},"end":{"line":1,"column":329}},"line":1},"1":{"name":"(anonymous_1)","decl":{"start":{"line":5,"column":4},"end":{"line":5,"column":5}},"loc":{"start":{"line":5,"column":48},"end":{"line":7,"column":5}},"line":5},"2":{"name":"(anonymous_2)","decl":{"start":{"line":9,"column":4},"end":{"line":9,"column":5}},"loc":{"start":{"line":9,"column":13},"end":{"line":15,"column":5}},"line":9}},"branchMap":{"0":{"loc":{"start":{"line":1,"column":281},"end":{"line":1,"column":327}},"type":"cond-expr","locations":[{"start":{"line":1,"column":305},"end":{"line":1,"column":308}},{"start":{"line":1,"column":311},"end":{"line":1,"column":327}}],"line":1},"1":{"loc":{"start":{"line":1,"column":281},"end":{"line":1,"column":302}},"type":"binary-expr","locations":[{"start":{"line":1,"column":281},"end":{"line":1,"column":284}},{"start":{"line":1,"column":288},"end":{"line":1,"column":302}}],"line":1}},"s":{"0":0,"1":0,"2":0,"3":0,"4":0,"5":0,"6":0,"7":0},"f":{"0":0,"1":0,"2":0},"b":{"0":[0,0],"1":[0,0]}}
,"C:\\Users\\Kom\\desktop\\Robofriends\\src\\components\\Scroll.js": {"path":"C:\\Users\\Kom\\desktop\\Robofriends\\src\\components\\Scroll.js","statementMap":{"0":{"start":{"line":3,"column":15},"end":{"line":9,"column":1}},"1":{"start":{"line":4,"column":4},"end":{"line":8,"column":6}}},"fnMap":{"0":{"name":"(anonymous_0)","decl":{"start":{"line":3,"column":15},"end":{"line":3,"column":16}},"loc":{"start":{"line":3,"column":26},"end":{"line":9,"column":1}},"line":3}},"branchMap":{},"s":{"0":1,"1":1},"f":{"0":1},"b":{},"_coverageSchema":"332fd63041d2c1bcb487cc26dd0d5f7d97098a6c","hash":"23762f05fe32daf6bfdba7d447a28d0f116fe79c"}
,"C:\\Users\\Kom\\desktop\\Robofriends\\src\\components\\Card\\Card.js": {"path":"C:\\Users\\Kom\\desktop\\Robofriends\\src\\components\\Card\\Card.js","statementMap":{"0":{"start":{"line":5,"column":13},"end":{"line":15,"column":1}},"1":{"start":{"line":6,"column":4},"end":{"line":13,"column":6}}},"fnMap":{"0":{"name":"(anonymous_0)","decl":{"start":{"line":5,"column":13},"end":{"line":5,"column":14}},"loc":{"start":{"line":5,"column":49},"end":{"line":15,"column":1}},"line":5}},"branchMap":{},"s":{"0":2,"1":1},"f":{"0":1},"b":{},"_coverageSchema":"332fd63041d2c1bcb487cc26dd0d5f7d97098a6c","hash":"59ea07b6d133f42efcb57c54e9f1aec8db631404"}
,"C:\\Users\\Kom\\desktop\\Robofriends\\src\\components\\SearchBox\\searchbox.js": {"path":"C:\\Users\\Kom\\desktop\\Robofriends\\src\\components\\SearchBox\\searchbox.js","statementMap":{"0":{"start":{"line":1,"column":13},"end":{"line":1,"column":75}},"1":{"start":{"line":1,"column":94},"end":{"line":1,"column":174}},"2":{"start":{"line":1,"column":188},"end":{"line":1,"column":204}},"3":{"start":{"line":1,"column":219},"end":{"line":1,"column":249}},"4":{"start":{"line":2,"column":0},"end":{"line":2,"column":27}},"5":{"start":{"line":2,"column":65},"end":{"line":2,"column":119}},"6":{"start":{"line":4,"column":18},"end":{"line":18,"column":1}},"7":{"start":{"line":6,"column":4},"end":{"line":13,"column":116}},"8":{"start":{"line":18,"column":2},"end":{"line":20,"column":10}}},"fnMap":{"0":{"name":"_interopRequireDefault","decl":{"start":{"line":2,"column":36},"end":{"line":2,"column":58}},"loc":{"start":{"line":2,"column":64},"end":{"line":2,"column":120}},"line":2},"1":{"name":"(anonymous_1)","decl":{"start":{"line":4,"column":18},"end":{"line":4,"column":19}},"loc":{"start":{"line":4,"column":40},"end":{"line":18,"column":1}},"line":4}},"branchMap":{"0":{"loc":{"start":{"line":2,"column":72},"end":{"line":2,"column":118}},"type":"cond-expr","locations":[{"start":{"line":2,"column":96},"end":{"line":2,"column":99}},{"start":{"line":2,"column":102},"end":{"line":2,"column":118}}],"line":2},"1":{"loc":{"start":{"line":2,"column":72},"end":{"line":2,"column":93}},"type":"binary-expr","locations":[{"start":{"line":2,"column":72},"end":{"line":2,"column":75}},{"start":{"line":2,"column":79},"end":{"line":2,"column":93}}],"line":2}},"s":{"0":0,"1":0,"2":0,"3":0,"4":0,"5":0,"6":0,"7":0,"8":0},"f":{"0":0,"1":0},"b":{"0":[0,0],"1":[0,0]}}
,"C:\\Users\\Kom\\desktop\\Robofriends\\src\\containers\\App.js": {"path":"C:\\Users\\Kom\\desktop\\Robofriends\\src\\containers\\App.js","statementMap":{"0":{"start":{"line":1,"column":13},"end":{"line":1,"column":75}},"1":{"start":{"line":1,"column":94},"end":{"line":1,"column":157}},"2":{"start":{"line":1,"column":171},"end":{"line":1,"column":187}},"3":{"start":{"line":1,"column":202},"end":{"line":1,"column":232}},"4":{"start":{"line":2,"column":16},"end":{"line":2,"column":49}},"5":{"start":{"line":2,"column":67},"end":{"line":2,"column":100}},"6":{"start":{"line":3,"column":17},"end":{"line":3,"column":61}},"7":{"start":{"line":3,"column":80},"end":{"line":3,"column":114}},"8":{"start":{"line":4,"column":14},"end":{"line":4,"column":45}},"9":{"start":{"line":4,"column":61},"end":{"line":4,"column":92}},"10":{"start":{"line":5,"column":0},"end":{"line":5,"column":21}},"11":{"start":{"line":6,"column":21},"end":{"line":6,"column":59}},"12":{"start":{"line":6,"column":82},"end":{"line":6,"column":120}},"13":{"start":{"line":7,"column":18},"end":{"line":7,"column":40}},"14":{"start":{"line":8,"column":15},"end":{"line":8,"column":44}},"15":{"start":{"line":9,"column":14},"end":{"line":9,"column":45}},"16":{"start":{"line":9,"column":61},"end":{"line":9,"column":92}},"17":{"start":{"line":9,"column":131},"end":{"line":9,"column":185}},"18":{"start":{"line":14,"column":8},"end":{"line":14,"column":37}},"19":{"start":{"line":18,"column":8},"end":{"line":18,"column":18}},"20":{"start":{"line":18,"column":42},"end":{"line":18,"column":63}},"21":{"start":{"line":18,"column":78},"end":{"line":18,"column":96}},"22":{"start":{"line":18,"column":106},"end":{"line":18,"column":119}},"23":{"start":{"line":18,"column":132},"end":{"line":18,"column":148}},"24":{"start":{"line":18,"column":167},"end":{"line":18,"column":189}},"25":{"start":{"line":19,"column":31},"end":{"line":21,"column":10}},"26":{"start":{"line":20,"column":12},"end":{"line":20,"column":80}},"27":{"start":{"line":22,"column":22},"end":{"line":22,"column":140}},"28":{"start":{"line":23,"column":8},"end":{"line":33,"column":9}},"29":{"start":{"line":24,"column":12},"end":{"line":29,"column":206}},"30":{"start":{"line":34,"column":8},"end":{"line":34,"column":23}},"31":{"start":{"line":39,"column":24},"end":{"line":46,"column":1}},"32":{"start":{"line":40,"column":4},"end":{"line":44,"column":43}},"33":{"start":{"line":48,"column":27},"end":{"line":55,"column":1}},"34":{"start":{"line":49,"column":4},"end":{"line":52,"column":83}},"35":{"start":{"line":50,"column":33},"end":{"line":50,"column":91}},"36":{"start":{"line":51,"column":31},"end":{"line":51,"column":68}},"37":{"start":{"line":52,"column":36},"end":{"line":52,"column":80}},"38":{"start":{"line":55,"column":2},"end":{"line":58,"column":67}}},"fnMap":{"0":{"name":"_interopRequireDefault","decl":{"start":{"line":9,"column":102},"end":{"line":9,"column":124}},"loc":{"start":{"line":9,"column":130},"end":{"line":9,"column":186}},"line":9},"1":{"name":"(anonymous_1)","decl":{"start":{"line":13,"column":4},"end":{"line":13,"column":5}},"loc":{"start":{"line":13,"column":24},"end":{"line":15,"column":5}},"line":13},"2":{"name":"(anonymous_2)","decl":{"start":{"line":17,"column":4},"end":{"line":17,"column":5}},"loc":{"start":{"line":17,"column":13},"end":{"line":36,"column":5}},"line":17},"3":{"name":"(anonymous_3)","decl":{"start":{"line":19,"column":45},"end":{"line":19,"column":46}},"loc":{"start":{"line":19,"column":54},"end":{"line":21,"column":9}},"line":19},"4":{"name":"(anonymous_4)","decl":{"start":{"line":39,"column":24},"end":{"line":39,"column":25}},"loc":{"start":{"line":39,"column":33},"end":{"line":46,"column":1}},"line":39},"5":{"name":"(anonymous_5)","decl":{"start":{"line":48,"column":27},"end":{"line":48,"column":28}},"loc":{"start":{"line":48,"column":39},"end":{"line":55,"column":1}},"line":48},"6":{"name":"(anonymous_6)","decl":{"start":{"line":50,"column":24},"end":{"line":50,"column":25}},"loc":{"start":{"line":50,"column":33},"end":{"line":50,"column":91}},"line":50},"7":{"name":"(anonymous_7)","decl":{"start":{"line":51,"column":25},"end":{"line":51,"column":26}},"loc":{"start":{"line":51,"column":31},"end":{"line":51,"column":68}},"line":51},"8":{"name":"(anonymous_8)","decl":{"start":{"line":52,"column":25},"end":{"line":52,"column":26}},"loc":{"start":{"line":52,"column":36},"end":{"line":52,"column":80}},"line":52}},"branchMap":{"0":{"loc":{"start":{"line":9,"column":138},"end":{"line":9,"column":184}},"type":"cond-expr","locations":[{"start":{"line":9,"column":162},"end":{"line":9,"column":165}},{"start":{"line":9,"column":168},"end":{"line":9,"column":184}}],"line":9},"1":{"loc":{"start":{"line":9,"column":138},"end":{"line":9,"column":159}},"type":"binary-expr","locations":[{"start":{"line":9,"column":138},"end":{"line":9,"column":141}},{"start":{"line":9,"column":145},"end":{"line":9,"column":159}}],"line":9},"2":{"loc":{"start":{"line":23,"column":8},"end":{"line":33,"column":9}},"type":"if","locations":[{"start":{"line":23,"column":8},"end":{"line":33,"column":9}},{"start":{"line":23,"column":8},"end":{"line":33,"column":9}}],"line":23}},"s":{"0":0,"1":0,"2":0,"3":0,"4":0,"5":0,"6":0,"7":0,"8":0,"9":0,"10":0,"11":0,"12":0,"13":0,"14":0,"15":0,"16":0,"17":0,"18":0,"19":0,"20":0,"21":0,"22":0,"23":0,"24":0,"25":0,"26":0,"27":0,"28":0,"29":0,"30":0,"31":0,"32":0,"33":0,"34":0,"35":0,"36":0,"37":0,"38":0},"f":{"0":0,"1":0,"2":0,"3":0,"4":0,"5":0,"6":0,"7":0,"8":0},"b":{"0":[0,0],"1":[0,0],"2":[0,0]}}
,"C:\\Users\\Kom\\desktop\\Robofriends\\src\\reducers\\reducer.js": {"path":"C:\\Users\\Kom\\desktop\\Robofriends\\src\\reducers\\reducer.js","statementMap":{"0":{"start":{"line":1,"column":13},"end":{"line":1,"column":75}},"1":{"start":{"line":1,"column":75},"end":{"line":1,"column":134}},"2":{"start":{"line":1,"column":153},"end":{"line":1,"column":186}},"3":{"start":{"line":10,"column":27},"end":{"line":15,"column":1}},"4":{"start":{"line":15,"column":25},"end":{"line":22,"column":1}},"5":{"start":{"line":16,"column":4},"end":{"line":20,"column":26}},"6":{"start":{"line":18,"column":12},"end":{"line":18,"column":77}},"7":{"start":{"line":20,"column":12},"end":{"line":20,"column":25}},"8":{"start":{"line":24,"column":27},"end":{"line":27,"column":15}},"9":{"start":{"line":30,"column":20},"end":{"line":35,"column":1}},"10":{"start":{"line":31,"column":22},"end":{"line":31,"column":34}},"11":{"start":{"line":32,"column":26},"end":{"line":32,"column":80}},"12":{"start":{"line":32,"column":52},"end":{"line":32,"column":79}},"13":{"start":{"line":34,"column":4},"end":{"line":34,"column":63}},"14":{"start":{"line":39,"column":22},"end":{"line":47,"column":1}},"15":{"start":{"line":40,"column":4},"end":{"line":45,"column":30}},"16":{"start":{"line":41,"column":39},"end":{"line":41,"column":73}},"17":{"start":{"line":42,"column":49},"end":{"line":42,"column":103}},"18":{"start":{"line":43,"column":49},"end":{"line":43,"column":127}},"19":{"start":{"line":44,"column":48},"end":{"line":44,"column":125}},"20":{"start":{"line":45,"column":16},"end":{"line":45,"column":29}}},"fnMap":{"0":{"name":"(anonymous_0)","decl":{"start":{"line":15,"column":50},"end":{"line":15,"column":51}},"loc":{"start":{"line":15,"column":95},"end":{"line":22,"column":1}},"line":15},"1":{"name":"(anonymous_1)","decl":{"start":{"line":30,"column":20},"end":{"line":30,"column":21}},"loc":{"start":{"line":30,"column":39},"end":{"line":35,"column":1}},"line":30},"2":{"name":"(anonymous_2)","decl":{"start":{"line":32,"column":43},"end":{"line":32,"column":44}},"loc":{"start":{"line":32,"column":52},"end":{"line":32,"column":79}},"line":32},"3":{"name":"(anonymous_3)","decl":{"start":{"line":39,"column":46},"end":{"line":39,"column":47}},"loc":{"start":{"line":39,"column":91},"end":{"line":47,"column":1}},"line":39}},"branchMap":{"0":{"loc":{"start":{"line":15,"column":51},"end":{"line":15,"column":77}},"type":"default-arg","locations":[{"start":{"line":15,"column":59},"end":{"line":15,"column":77}}],"line":15},"1":{"loc":{"start":{"line":15,"column":79},"end":{"line":15,"column":90}},"type":"default-arg","locations":[{"start":{"line":15,"column":88},"end":{"line":15,"column":90}}],"line":15},"2":{"loc":{"start":{"line":16,"column":4},"end":{"line":20,"column":26}},"type":"switch","locations":[{"start":{"line":17,"column":8},"end":{"line":18,"column":77}},{"start":{"line":19,"column":8},"end":{"line":20,"column":25}}],"line":16},"3":{"loc":{"start":{"line":39,"column":47},"end":{"line":39,"column":73}},"type":"default-arg","locations":[{"start":{"line":39,"column":55},"end":{"line":39,"column":73}}],"line":39},"4":{"loc":{"start":{"line":39,"column":75},"end":{"line":39,"column":86}},"type":"default-arg","locations":[{"start":{"line":39,"column":84},"end":{"line":39,"column":86}}],"line":39},"5":{"loc":{"start":{"line":40,"column":4},"end":{"line":45,"column":30}},"type":"switch","locations":[{"start":{"line":41,"column":8},"end":{"line":41,"column":73}},{"start":{"line":42,"column":8},"end":{"line":42,"column":103}},{"start":{"line":43,"column":8},"end":{"line":43,"column":127}},{"start":{"line":44,"column":8},"end":{"line":44,"column":125}},{"start":{"line":45,"column":8},"end":{"line":45,"column":29}}],"line":40}},"s":{"0":0,"1":0,"2":0,"3":0,"4":0,"5":0,"6":0,"7":0,"8":0,"9":0,"10":0,"11":0,"12":0,"13":0,"14":0,"15":0,"16":0,"17":0,"18":0,"19":0,"20":0},"f":{"0":0,"1":0,"2":0,"3":0},"b":{"0":[0],"1":[0],"2":[0,0],"3":[0],"4":[0],"5":[0,0,0,0,0]}}
}
